Register #0 : Root/_a
Register #1 : Root/_b
Register #2 : Root/_c
Register #3 : Root/_d
Register #4 : Root/_e
Register #5 : Root/_f
Register #6 : Root/_g
Register #7 : Root/_h
Register #8 : Root/_i
Register #9 : Root/_j
Register #10 : Root/_k
Register #11 : Root/_l
Register #12 : Root/_m
Register #13 : Root/_n
Register #14 : Root/_o
Register #15 : Root/_q
Register #16 : Root/0
Register #17 : Root/_set
SetParamNb   : _set:2
Register #18 : Root/_get
SetParamNb   : _get:1
Register #19 : Root/_none
Register #20 : Root/_const
SetParamNb   : _const:1
Register #21 : Root/_elem
SetParamNb   : _elem:1
Register #22 : Root/_funct0
SetParamNb   : _funct0:1
Register #23 : Root/_funct1
SetParamNb   : _funct1:2
Register #24 : Root/_funct2
SetParamNb   : _funct2:3
Register #25 : Root/NEG
SetParamNb   : NEG:1
Register #26 : Root/_rank
SetParamNb   : _rank:2
Register #27 : Root/_eval
SetParamNb   : _eval:1
Register #28 : Root/_check
SetParamNb   : _check:2
Register #29 : Root/_print
SetParamNb   : _print:1
Register #30 : Root/_exec
SetParamNb   : _exec:1
Register #31 : Root/_add
Register #32 : Root/_sub
Register #33 : Root/_or
Register #34 : Root/_lor
Register #35 : Root/_xor
Register #36 : Root/_mul
Register #37 : Root/_div
Register #38 : Root/_and
Register #39 : Root/_land
Register #40 : Root/_eq
Register #41 : Root/_neq
Register #42 : Root/_lte
Register #43 : Root/_shl
Register #44 : Root/_lt
Register #45 : Root/_gte
Register #46 : Root/_shr
Register #47 : Root/_gt
Register #48 : Root/_min
Register #49 : Root/_max
Register #50 : Root/_mod
Register #51 : Root/_pow
Register #52 : Root/_neg
Register #53 : Root/_inv
Register #54 : Root/_not
Register #55 : Root/_id
Register #56 : Root/_bool
Register #57 : Root/_lnot
Register #58 : Root/_sin
Register #59 : Root/_cos
Register #60 : Root/_tan
Register #61 : Root/_asin
Register #62 : Root/_acos
Register #63 : Root/_atan
Register #64 : Root/_sinh
Register #65 : Root/_cosh
Register #66 : Root/_tanh
Register #67 : Root/_asinh
Register #68 : Root/_acosh
Register #69 : Root/_atanh
Register #70 : Root/_exp
Register #71 : Root/_log
Register #72 : Root/_log10
Register #73 : Root/_sqrt
Register #74 : Root/_sqr
Register #75 : Root/_fact
Register #76 : Root/_abs
Register #77 : Root/_floor
Register #78 : Root/_ceil
Register #79 : Root/_rand
Register #80 : Root/_if2
Register #81 : Root/_if
Register #82 : Root/_elemid
Register #83 : Root/SYST
Register #84 : Root/a
Register #85 : Root/b
SetParamNb   : SYST:2
Appending Rule [0] _exec(SYST(_a _b)) => SYST(_exec(_a) _exec(_b))
Appending Rule [1] _exec(_set(_a _b)) => _set(_a _b)
Appending Rule [2] _exec(_a) => _a
Failed to open file includes.txt
Register #86 : Root.User/sin
Register #87 : Root.User/x
Error: end of file was found instead of ')' in line 1 in file 
Error: x in line 1 in file 
Error: x in line 1 in file 
Error:  in line 1 in file 
Register #88 : Root.User/TED
SetParamNb   : TED:1
Failed to open file tests.txt
Unregistering : TED
Unregistering : sin
Unregistering : x
Opening file ac/sallen_key/sallen_key.cir
Failed to open file components.txt
Register #89 : Root.User/sallen_key
Error: sallen_key in line 4 in file components.txt
Register #90 : Root.User/TANH
Register #91 : Root.User/SIN
Register #92 : Root.User/COS
Register #93 : Root.User/TIME
Register #94 : Root.User/DELTA_TIME
Register #95 : Root.User/HIER
Register #96 : Root.User/CONCAT
Register #97 : Root.User/VECT
Register #98 : Root.User/EQV
